app/build/intermediates/manifest_merge_blame_file/debug/processDebugMainManifest/manifest-merger-blame-debug-report.txt
1<?xml version="1.0" encoding="utf-8"?>
2<manifest xmlns:android="http://schemas.android.com/apk/res/android"
3    package="com.geneflow.app"
4    android:versionCode="1"
5    android:versionName="1.0" >
6
7    <uses-sdk
8        android:minSdkVersion="24"
9        android:targetSdkVersion="34" />
10
11    <permission
11-->[androidx.core:core:1.9.0] AndroidManifest.xml:22:5-24:47
12        android:name="com.geneflow.app.DYNAMIC_RECEIVER_NOT_EXPORTED_PERMISSION"
12-->[androidx.core:core:1.9.0] AndroidManifest.xml:23:9-81
13        android:protectionLevel="signature" />
13-->[androidx.core:core:1.9.0] AndroidManifest.xml:24:9-44
14
15    <uses-permission android:name="com.geneflow.app.DYNAMIC_RECEIVER_NOT_EXPORTED_PERMISSION" />
15-->[androidx.core:core:1.9.0] AndroidManifest.xml:26:5-97
15-->[androidx.core:core:1.9.0] AndroidManifest.xml:26:22-94
16
17    <application
17-->src\main\AndroidManifest.xml:4:5-29:19
18        android:allowBackup="true"
18-->src\main\AndroidManifest.xml:5:9-35
19        android:appComponentFactory="androidx.core.app.CoreComponentFactory"
19-->[androidx.core:core:1.9.0] AndroidManifest.xml:28:18-86
20        android:debuggable="true"
21        android:extractNativeLibs="false"
22        android:icon="@android:drawable/sym_def_app_icon"
22-->src\main\AndroidManifest.xml:6:9-58
23        android:label="@string/app_name"
23-->src\main\AndroidManifest.xml:9:9-41
24        android:roundIcon="@android:drawable/sym_def_app_icon"
24-->src\main\AndroidManifest.xml:7:9-63
25        android:supportsRtl="true"
25-->src\main\AndroidManifest.xml:10:9-35
26        android:theme="@style/Theme.GeneFlow" >
26-->src\main\AndroidManifest.xml:11:9-46
27        <activity
27-->src\main\AndroidManifest.xml:13:9-20:20
28            android:name="com.geneflow.app.MainActivity"
28-->src\main\AndroidManifest.xml:14:13-41
29            android:exported="true" >
29-->src\main\AndroidManifest.xml:15:13-36
30            <intent-filter>
30-->src\main\AndroidManifest.xml:16:13-19:29
31                <action android:name="android.intent.action.MAIN" />
31-->src\main\AndroidManifest.xml:17:17-69
31-->src\main\AndroidManifest.xml:17:25-66
32
33                <category android:name="android.intent.category.LAUNCHER" />
33-->src\main\AndroidManifest.xml:18:17-77
33-->src\main\AndroidManifest.xml:18:27-74
34            </intent-filter>
35        </activity>
36        <activity
36-->src\main\AndroidManifest.xml:22:9-76
37            android:name="com.geneflow.app.LoginActivity"
37-->src\main\AndroidManifest.xml:22:19-48
38            android:exported="false" />
38-->src\main\AndroidManifest.xml:22:49-73
39        <activity
39-->src\main\AndroidManifest.xml:23:9-77
40            android:name="com.geneflow.app.SignupActivity"
40-->src\main\AndroidManifest.xml:23:19-49
41            android:exported="false" />
41-->src\main\AndroidManifest.xml:23:50-74
42        <activity
42-->src\main\AndroidManifest.xml:24:9-80
43            android:name="com.geneflow.app.DashboardActivity"
43-->src\main\AndroidManifest.xml:24:19-52
44            android:exported="false" />
44-->src\main\AndroidManifest.xml:24:53-77
45        <activity
45-->src\main\AndroidManifest.xml:25:9-90
46            android:name="com.geneflow.app.PatientRegistrationActivity"
46-->src\main\AndroidManifest.xml:25:19-62
47            android:exported="false" />
47-->src\main\AndroidManifest.xml:25:63-87
48        <activity
48-->src\main\AndroidManifest.xml:26:9-82
49            android:name="com.geneflow.app.ProfileViewActivity"
49-->src\main\AndroidManifest.xml:26:19-54
50            android:exported="false" />
50-->src\main\AndroidManifest.xml:26:55-79
51        <activity
51-->src\main\AndroidManifest.xml:27:9-79
52            android:name="com.geneflow.app.PedigreeActivity"
52-->src\main\AndroidManifest.xml:27:19-51
53            android:exported="false" />
53-->src\main\AndroidManifest.xml:27:52-76
54
55        <provider
55-->[androidx.emoji2:emoji2:1.2.0] AndroidManifest.xml:24:9-32:20
56            android:name="androidx.startup.InitializationProvider"
56-->[androidx.emoji2:emoji2:1.2.0] AndroidManifest.xml:25:13-67
57            android:authorities="com.geneflow.app.androidx-startup"
57-->[androidx.emoji2:emoji2:1.2.0] AndroidManifest.xml:26:13-68
58            android:exported="false" >
58-->[androidx.emoji2:emoji2:1.2.0] AndroidManifest.xml:27:13-37
59            <meta-data
59-->[androidx.emoji2:emoji2:1.2.0] AndroidManifest.xml:29:13-31:52
60                android:name="androidx.emoji2.text.EmojiCompatInitializer"
60-->[androidx.emoji2:emoji2:1.2.0] AndroidManifest.xml:30:17-75
61                android:value="androidx.startup" />
61-->[androidx.emoji2:emoji2:1.2.0] AndroidManifest.xml:31:17-49
62            <meta-data
62-->[androidx.lifecycle:lifecycle-process:2.4.1] AndroidManifest.xml:31:13-33:52
63                android:name="androidx.lifecycle.ProcessLifecycleInitializer"
63-->[androidx.lifecycle:lifecycle-process:2.4.1] AndroidManifest.xml:32:17-78
64                android:value="androidx.startup" />
64-->[androidx.lifecycle:lifecycle-process:2.4.1] AndroidManifest.xml:33:17-49
65        </provider>
66    </application>
67
68</manifest>